2022.04.18 16:40:14 INFO  tracing is disabled for protocol LSP, to enable tracing of incoming and outgoing JSON messages create an empty file at c:\Users\m\Documents\Prod2\insurance\.metals\lsp.trace.json or C:\Users\m\AppData\Local\scalameta\metals\cache\lsp.trace.json
2022.04.18 16:40:20 INFO  logging to file C:\Users\m\Documents\Prod2\insurance\.metals\metals.log
2022.04.18 16:40:20 INFO  Started: Metals version 0.11.2 in workspace 'C:\Users\m\Documents\Prod2\insurance' for client Visual Studio Code 1.66.2.
2022.04.18 16:40:20 INFO  Parse release: 1.8.0_321
2022.04.18 16:40:35 INFO  time: initialize in 14s
2022.04.18 16:40:38 WARN  Build server is not auto-connectable.
2022.04.18 16:40:39 WARN  no build target for: C:\Users\m\Documents\Prod2\insurance\src\main\scala\example\generator.scala
Apr 18, 2022 4:40:41 PM org.eclipse.lsp4j.jsonrpc.RemoteEndpoint handleCancellation
WARNING: Unmatched cancel notification for request id 1
2022.04.18 16:40:41 WARN  no build target for: C:\Users\m\Documents\Prod2\insurance\src\main\scala\example\generator.scala
Apr 18, 2022 4:40:41 PM org.eclipse.lsp4j.jsonrpc.RemoteEndpoint handleCancellation
WARNING: Unmatched cancel notification for request id 4
Apr 18, 2022 4:40:41 PM org.eclipse.lsp4j.jsonrpc.RemoteEndpoint handleCancellation
WARNING: Unmatched cancel notification for request id 6
Apr 18, 2022 4:40:41 PM org.eclipse.lsp4j.jsonrpc.RemoteEndpoint handleCancellation
WARNING: Unmatched cancel notification for request id 7
2022.04.18 16:40:41 WARN  no build target for: C:\Users\m\Documents\Prod2\insurance\src\main\scala\example\generator.scala
Apr 18, 2022 4:40:41 PM org.eclipse.lsp4j.jsonrpc.RemoteEndpoint handleCancellation
WARNING: Unmatched cancel notification for request id 10
2022.04.18 16:40:48 INFO  no build target found for C:\Users\m\Documents\Prod2\insurance\src\main\scala\example\generator.scala. Using presentation compiler with project's scala-library version: 3.1.1
Apr 18, 2022 4:40:49 PM org.eclipse.lsp4j.jsonrpc.RemoteEndpoint handleCancellation
WARNING: Unmatched cancel notification for request id 15
2022.04.18 16:40:50 WARN  no build target for: C:\Users\m\Documents\Prod2\insurance\src\main\scala\example\generator.scala
Apr 18, 2022 4:40:50 PM org.eclipse.lsp4j.jsonrpc.RemoteEndpoint handleCancellation
WARNING: Unmatched cancel notification for request id 22
Apr 18, 2022 4:40:50 PM org.eclipse.lsp4j.jsonrpc.RemoteEndpoint handleCancellation
WARNING: Unmatched cancel notification for request id 20
2022.04.18 16:40:50 WARN  no build target for: C:\Users\m\Documents\Prod2\insurance\src\main\scala\example\generator.scala
2022.04.18 16:40:50 WARN  no build target for: C:\Users\m\Documents\Prod2\insurance\src\main\scala\example\generator.scala
Apr 18, 2022 4:40:50 PM org.eclipse.lsp4j.jsonrpc.RemoteEndpoint handleCancellation
WARNING: Unmatched cancel notification for request id 23
Apr 18, 2022 4:40:50 PM org.eclipse.lsp4j.jsonrpc.RemoteEndpoint handleCancellation
WARNING: Unmatched cancel notification for request id 30
Apr 18, 2022 4:40:50 PM org.eclipse.lsp4j.jsonrpc.RemoteEndpoint handleCancellation
WARNING: Unmatched cancel notification for request id 32
2022.04.18 16:41:00 INFO  running 'C:\Program Files\Java\jdk1.8.0_321\bin\java -Djline.terminal=jline.UnsupportedTerminal -Dsbt.log.noformat=true -Dfile.encoding=UTF-8 -jar C:\Users\m\AppData\Local\Temp\metals6863251543253353339\sbt-launch.jar -Dbloop.export-jar-classifiers=sources bloopInstall'
2022.04.18 16:41:02 INFO  time: code lens generation in 12s
2022.04.18 16:41:02 INFO  time: code lens generation in 12s
2022.04.18 16:41:02 INFO  time: code lens generation in 12s
2022.04.18 16:41:02 INFO  time: code lens generation in 20s
2022.04.18 16:41:02 INFO  time: code lens generation in 12s
2022.04.18 16:41:02 INFO  time: code lens generation in 12s
2022.04.18 16:41:02 INFO  time: code lens generation in 21s
2022.04.18 16:41:02 INFO  time: code lens generation in 21s
2022.04.18 16:41:28 INFO  [info] Loading settings for project insurance-build-build from metals.sbt ...
2022.04.18 16:41:29 INFO  [info] Loading project definition from C:\Users\m\Documents\Prod2\insurance\project\project
2022.04.18 16:41:29 INFO  [info] Updating ProjectRef(uri("file:/C:/Users/m/Documents/Prod2/insurance/project/project/"), "insurance-build-build")...
2022.04.18 16:41:37 INFO  [info] Done updating.
2022.04.18 16:41:40 INFO  [info] Loading settings for project insurance-build from metals.sbt ...
2022.04.18 16:41:40 INFO  [info] Loading project definition from C:\Users\m\Documents\Prod2\insurance\project
2022.04.18 16:41:42 INFO  [info] Updating ProjectRef(uri("file:/C:/Users/m/Documents/Prod2/insurance/project/"), "insurance-build")...
2022.04.18 16:41:48 INFO  [info] Done updating.
2022.04.18 16:41:51 INFO  [success] Generated .bloop\insurance-build.json
2022.04.18 16:41:51 INFO  [success] Total time: 11 s, completed Apr 18, 2022 4:41:52 PM
2022.04.18 16:41:57 INFO  [info] Loading settings for project root from build.sbt ...
2022.04.18 16:41:57 INFO  [info] Set current project to Insurance (in build file:/C:/Users/m/Documents/Prod2/insurance/)
2022.04.18 16:41:57 INFO  [info] Updating ...
2022.04.18 16:41:59 INFO  [info] Done updating.
2022.04.18 16:42:05 INFO  [info] downloading https://repo1.maven.org/maven2/org/scala-lang/scala-library/2.12.8/scala-library-2.12.8-sources.jar ...
2022.04.18 16:42:05 INFO  [info] downloading https://repo1.maven.org/maven2/org/scala-lang/scala-reflect/2.12.8/scala-reflect-2.12.8-sources.jar ...
2022.04.18 16:42:05 INFO  [info] downloading https://repo1.maven.org/maven2/org/scalactic/scalactic_2.12/3.0.5/scalactic_2.12-3.0.5-sources.jar ...
2022.04.18 16:42:05 INFO  [info] downloading https://repo1.maven.org/maven2/org/scalatest/scalatest_2.12/3.0.5/scalatest_2.12-3.0.5-sources.jar ...
2022.04.18 16:42:05 INFO  [info] downloading https://repo1.maven.org/maven2/org/scala-lang/scala-compiler/2.12.8/scala-compiler-2.12.8-sources.jar ...
2022.04.18 16:42:05 INFO  [info] 	[SUCCESSFUL ] org.scalactic#scalactic_2.12;3.0.5!scalactic_2.12.jar(src) (6807ms)
2022.04.18 16:42:05 INFO  [info] 	[SUCCESSFUL ] org.scala-lang#scala-reflect;2.12.8!scala-reflect.jar(src) (6852ms)
2022.04.18 16:42:05 INFO  [info] 	[SUCCESSFUL ] org.scala-lang#scala-library;2.12.8!scala-library.jar(src) (6856ms)
2022.04.18 16:42:05 INFO  [info] 	[SUCCESSFUL ] org.scalatest#scalatest_2.12;3.0.5!scalatest_2.12.jar(src) (6895ms)
2022.04.18 16:42:05 INFO  [info] 	[SUCCESSFUL ] org.scala-lang#scala-compiler;2.12.8!scala-compiler.jar(src) (6929ms)
2022.04.18 16:42:06 INFO  [success] Generated .bloop\root.json
2022.04.18 16:42:06 INFO  [success] Generated .bloop\root-test.json
2022.04.18 16:42:06 INFO  [success] Total time: 9 s, completed Apr 18, 2022 4:42:07 PM
2022.04.18 16:42:07 INFO  time: ran 'sbt bloopInstall' in 1m7s
2022.04.18 16:42:07 INFO  Attempting to connect to the build server...
2022.04.18 16:42:32 INFO  tracing is disabled for protocol BSP, to enable tracing of incoming and outgoing JSON messages create an empty file at C:\Users\m\Documents\Prod2\insurance\.metals\bsp.trace.json or C:\Users\m\AppData\Local\scalameta\metals\cache\bsp.trace.json
2022.04.18 16:42:45 INFO  Attempting to connect to the build server...
2022.04.18 16:42:45 INFO  tracing is disabled for protocol BSP, to enable tracing of incoming and outgoing JSON messages create an empty file at C:\Users\m\Documents\Prod2\insurance\project\.metals\bsp.trace.json or C:\Users\m\AppData\Local\scalameta\metals\cache\bsp.trace.json
2022.04.18 16:42:45 INFO  time: Connected to build server in 37s
2022.04.18 16:42:45 INFO  Connected to Build server: Bloop v1.4.13
2022.04.18 16:42:46 INFO  time: Imported build in 0.43s
2022.04.18 16:42:51 ERROR Failed to fetch mtags for 2.12.7
Error downloading org.scalameta:mtags_2.12.7:0.11.2
  not found: C:\Users\m\.ivy2\local\org.scalameta\mtags_2.12.7\0.11.2\ivys\ivy.xml
  not found: https://repo1.maven.org/maven2/org/scalameta/mtags_2.12.7/0.11.2/mtags_2.12.7-0.11.2.pom
  not found: https://oss.sonatype.org/content/repositories/public/org/scalameta/mtags_2.12.7/0.11.2/mtags_2.12.7-0.11.2.pom
  not found: https://oss.sonatype.org/content/repositories/snapshots/org/scalameta/mtags_2.12.7/0.11.2/mtags_2.12.7-0.11.2.pom
2022.04.18 16:42:54 ERROR Failed to fetch mtags for 2.12.7
Error downloading org.scalameta:mtags_2.12.7:0.11.2
  not found: C:\Users\m\.ivy2\local\org.scalameta\mtags_2.12.7\0.11.2\ivys\ivy.xml
  not found: https://repo1.maven.org/maven2/org/scalameta/mtags_2.12.7/0.11.2/mtags_2.12.7-0.11.2.pom
  not found: https://oss.sonatype.org/content/repositories/public/org/scalameta/mtags_2.12.7/0.11.2/mtags_2.12.7-0.11.2.pom
  not found: https://oss.sonatype.org/content/repositories/snapshots/org/scalameta/mtags_2.12.7/0.11.2/mtags_2.12.7-0.11.2.pom
2022.04.18 16:42:54 ERROR Failed to fetch mtags for 2.12.7
Error downloading org.scalameta:mtags_2.12.7:0.11.2
  not found: C:\Users\m\.ivy2\local\org.scalameta\mtags_2.12.7\0.11.2\ivys\ivy.xml
  not found: https://repo1.maven.org/maven2/org/scalameta/mtags_2.12.7/0.11.2/mtags_2.12.7-0.11.2.pom
  not found: https://oss.sonatype.org/content/repositories/public/org/scalameta/mtags_2.12.7/0.11.2/mtags_2.12.7-0.11.2.pom
  not found: https://oss.sonatype.org/content/repositories/snapshots/org/scalameta/mtags_2.12.7/0.11.2/mtags_2.12.7-0.11.2.pom
2022.04.18 16:43:04 INFO  time: indexed workspace in 18s
2022.04.18 16:43:12 INFO  compiling root (1 scala source)
2022.04.18 16:43:36 INFO  shutting down Metals
2022.04.18 16:43:36 INFO  Shut down connection with build server.
2022.04.18 16:43:36 INFO  Shut down connection with build server.
2022.04.18 16:43:36 ERROR Unexpected error initializing server
scala.meta.internal.metals.MetalsBspException: BSP connection failed in the attempt to get: CompileResult.  Boxed InterruptedException
	at scala.meta.internal.metals.BuildServerConnection$$anonfun$1.$anonfun$applyOrElse$4(BuildServerConnection.scala:282)
	at scala.Option.getOrElse(Option.scala:189)
	at scala.meta.internal.metals.BuildServerConnection$$anonfun$1.applyOrElse(BuildServerConnection.scala:280)
	at scala.meta.internal.metals.BuildServerConnection$$anonfun$1.applyOrElse(BuildServerConnection.scala:268)
	at scala.concurrent.Future.$anonfun$recoverWith$1(Future.scala:417)
	at scala.concurrent.impl.Promise.$anonfun$transformWith$1(Promise.scala:41)
	at scala.concurrent.impl.CallbackRunnable.run(Promise.scala:64)
	at java.util.concurrent.ThreadPoolExecutor.runWorker(ThreadPoolExecutor.java:1149)
	at java.util.concurrent.ThreadPoolExecutor$Worker.run(ThreadPoolExecutor.java:624)
	at java.lang.Thread.run(Thread.java:750)

